<?xml version="1.0" encoding="UTF-8"?>
<robot generator="Robot 4.0.3 (Python 3.9.10 on darwin)" generated="20220420 12:03:48.690" rpa="false" schemaversion="2">
<suite id="s1" name="Assign Multiplelx" source="/Users/admin/learningPoolStudy/admin/admin_playlists/assign_multiplelx.robot">
<test id="s1-t1" name="TC1 Verify User Can Assign Multiple LX to Playlist">
<kw name="Precondition Steps Before Each Test" type="SETUP">
<kw name="Open Browser" library="SeleniumLibrary">
<arg>${BASE_URL}</arg>
<arg>chrome</arg>
<doc>Opens a new browser instance to the optional ``url``.</doc>
<msg timestamp="20220420 12:03:48.949" level="INFO">Opening browser 'chrome' to base url 'https://qa.curatr3.com'.</msg>
<status status="PASS" starttime="20220420 12:03:48.948" endtime="20220420 12:03:52.095"/>
</kw>
<status status="PASS" starttime="20220420 12:03:48.947" endtime="20220420 12:03:52.096"/>
</kw>
<kw name="User Login With Admin Credentials" library="pages">
<kw name="Input Text" library="SeleniumLibrary">
<arg>id=username-input</arg>
<arg>${ADMIN_USER}</arg>
<doc>Types the given ``text`` into the text field identified by ``locator``.</doc>
<msg timestamp="20220420 12:03:52.097" level="INFO">Typing text 'qasuperadmin@noreply.com' into text field 'id=username-input'.</msg>
<status status="PASS" starttime="20220420 12:03:52.097" endtime="20220420 12:03:52.246"/>
</kw>
<kw name="Input Text" library="SeleniumLibrary">
<arg>id=password-input</arg>
<arg>${USER_PASSWORD}</arg>
<doc>Types the given ``text`` into the text field identified by ``locator``.</doc>
<msg timestamp="20220420 12:03:52.247" level="INFO">Typing text 'welcome1' into text field 'id=password-input'.</msg>
<status status="PASS" starttime="20220420 12:03:52.246" endtime="20220420 12:03:52.315"/>
</kw>
<kw name="Click Element" library="SeleniumLibrary">
<arg>css:.control-group [value="Login"]</arg>
<doc>Click the element identified by ``locator``.</doc>
<msg timestamp="20220420 12:03:52.315" level="INFO">Clicking element 'css:.control-group [value="Login"]'.</msg>
<status status="PASS" starttime="20220420 12:03:52.315" endtime="20220420 12:03:53.533"/>
</kw>
<kw name="Wait Until Element Is Visible" library="SeleniumLibrary">
<arg>//div[@id='NavBar_Search']</arg>
<doc>Waits until the element ``locator`` is visible.</doc>
<status status="PASS" starttime="20220420 12:03:53.533" endtime="20220420 12:03:53.780"/>
</kw>
<status status="PASS" starttime="20220420 12:03:52.096" endtime="20220420 12:03:53.780"/>
</kw>
<kw name="User Click Admin Link In Profile Menu" library="pages">
<kw name="Click Element" library="SeleniumLibrary">
<arg>//button[@aria-label="QA Super Admin User Menu"]</arg>
<doc>Click the element identified by ``locator``.</doc>
<msg timestamp="20220420 12:03:53.782" level="INFO">Clicking element '//button[@aria-label="QA Super Admin User Menu"]'.</msg>
<status status="PASS" starttime="20220420 12:03:53.782" endtime="20220420 12:03:53.881"/>
</kw>
<kw name="Click Element" library="SeleniumLibrary">
<arg>//span[text()='Admin']</arg>
<doc>Click the element identified by ``locator``.</doc>
<msg timestamp="20220420 12:03:53.881" level="INFO">Clicking element '//span[text()='Admin']'.</msg>
<status status="PASS" starttime="20220420 12:03:53.881" endtime="20220420 12:03:54.039"/>
</kw>
<kw name="Switch Window" library="SeleniumLibrary">
<arg>NEW</arg>
<doc>Switches to browser window matching ``locator``.</doc>
<status status="PASS" starttime="20220420 12:03:54.039" endtime="20220420 12:03:54.049"/>
</kw>
<status status="PASS" starttime="20220420 12:03:53.781" endtime="20220420 12:03:54.049"/>
</kw>
<kw name="User Click Organisation Link" library="pages">
<kw name="Wait Until Element Is Visible" library="SeleniumLibrary">
<arg>//a[@href='https://qa.curatr3.com/admin/qa/dashboard']</arg>
<doc>Waits until the element ``locator`` is visible.</doc>
<status status="PASS" starttime="20220420 12:03:54.050" endtime="20220420 12:03:55.327"/>
</kw>
<kw name="Click Element" library="SeleniumLibrary">
<arg>//a[@href='https://qa.curatr3.com/admin/qa/dashboard']</arg>
<doc>Click the element identified by ``locator``.</doc>
<msg timestamp="20220420 12:03:55.327" level="INFO">Clicking element '//a[@href='https://qa.curatr3.com/admin/qa/dashboard']'.</msg>
<status status="PASS" starttime="20220420 12:03:55.327" endtime="20220420 12:03:55.833"/>
</kw>
<status status="PASS" starttime="20220420 12:03:54.049" endtime="20220420 12:03:55.833"/>
</kw>
<kw name="User Click New Playlists Link" library="pages">
<kw name="Wait Until Element Is Visible" library="SeleniumLibrary">
<arg>//*[@id="goals-tab"]</arg>
<doc>Waits until the element ``locator`` is visible.</doc>
<status status="PASS" starttime="20220420 12:03:55.834" endtime="20220420 12:03:55.860"/>
</kw>
<kw name="Click Element" library="SeleniumLibrary">
<arg>//*[@id="goals-tab"]</arg>
<doc>Click the element identified by ``locator``.</doc>
<msg timestamp="20220420 12:03:55.861" level="INFO">Clicking element '//*[@id="goals-tab"]'.</msg>
<status status="PASS" starttime="20220420 12:03:55.860" endtime="20220420 12:03:57.657"/>
</kw>
<kw name="Click Element" library="SeleniumLibrary">
<arg>//span[contains(text(),'New Playlist')]</arg>
<doc>Click the element identified by ``locator``.</doc>
<msg timestamp="20220420 12:03:57.658" level="INFO">Clicking element '//span[contains(text(),'New Playlist')]'.</msg>
<status status="PASS" starttime="20220420 12:03:57.657" endtime="20220420 12:03:57.766"/>
</kw>
<status status="PASS" starttime="20220420 12:03:55.833" endtime="20220420 12:03:57.766"/>
</kw>
<kw name="User Makes Playlist" library="pages">
<kw name="Wait Until Element Is Visible" library="SeleniumLibrary">
<arg>//input[@name='name']</arg>
<doc>Waits until the element ``locator`` is visible.</doc>
<status status="PASS" starttime="20220420 12:03:57.767" endtime="20220420 12:03:57.798"/>
</kw>
<kw name="Input Text" library="SeleniumLibrary">
<arg>//input[@name='name']</arg>
<arg>1testPlaylist</arg>
<doc>Types the given ``text`` into the text field identified by ``locator``.</doc>
<msg timestamp="20220420 12:03:57.799" level="INFO">Typing text '1testPlaylist' into text field '//input[@name='name']'.</msg>
<status status="PASS" starttime="20220420 12:03:57.799" endtime="20220420 12:03:58.072"/>
</kw>
<kw name="Input Text" library="SeleniumLibrary">
<arg>//textarea[@name='description']</arg>
<arg>1testDescription</arg>
<doc>Types the given ``text`` into the text field identified by ``locator``.</doc>
<msg timestamp="20220420 12:03:58.073" level="INFO">Typing text '1testDescription' into text field '//textarea[@name='description']'.</msg>
<status status="PASS" starttime="20220420 12:03:58.073" endtime="20220420 12:03:58.240"/>
</kw>
<kw name="Scroll Element Into View" library="SeleniumLibrary">
<arg>//input[@name='ordering']</arg>
<doc>Scrolls the element identified by ``locator`` into view.</doc>
<status status="PASS" starttime="20220420 12:03:58.241" endtime="20220420 12:03:58.512"/>
</kw>
<kw name="Input Text" library="SeleniumLibrary">
<arg>//input[@name='ordering']</arg>
<arg>1</arg>
<doc>Types the given ``text`` into the text field identified by ``locator``.</doc>
<msg timestamp="20220420 12:03:58.513" level="INFO">Typing text '1' into text field '//input[@name='ordering']'.</msg>
<status status="PASS" starttime="20220420 12:03:58.512" endtime="20220420 12:03:58.580"/>
</kw>
<kw name="Click Element" library="SeleniumLibrary">
<arg>//button[@type='submit']</arg>
<doc>Click the element identified by ``locator``.</doc>
<msg timestamp="20220420 12:03:58.580" level="INFO">Clicking element '//button[@type='submit']'.</msg>
<status status="PASS" starttime="20220420 12:03:58.580" endtime="20220420 12:03:58.653"/>
</kw>
<status status="PASS" starttime="20220420 12:03:57.766" endtime="20220420 12:03:58.653"/>
</kw>
<kw name="User Assigns Multiple LX to Playlist" library="pages">
<kw name="Wait Until Element Is Visible" library="SeleniumLibrary">
<arg>//td[contains(text(),'1testPlaylist')]</arg>
<doc>Waits until the element ``locator`` is visible.</doc>
<status status="PASS" starttime="20220420 12:03:58.654" endtime="20220420 12:03:59.100"/>
</kw>
<kw name="Click Element" library="SeleniumLibrary">
<arg>//td[contains(text(),'1testPlaylist')]</arg>
<doc>Click the element identified by ``locator``.</doc>
<msg timestamp="20220420 12:03:59.101" level="INFO">Clicking element '//td[contains(text(),'1testPlaylist')]'.</msg>
<status status="PASS" starttime="20220420 12:03:59.100" endtime="20220420 12:03:59.162"/>
</kw>
<status status="PASS" starttime="20220420 12:03:58.653" endtime="20220420 12:03:59.162"/>
</kw>
<kw name="User Click Assign Learning Experiences and Choose Multiple LXs to Assign" library="pages">
<kw name="Wait Until Element Is Visible" library="SeleniumLibrary">
<arg>//span[contains(text(),'Assign Learning Experiences')]</arg>
<doc>Waits until the element ``locator`` is visible.</doc>
<status status="PASS" starttime="20220420 12:03:59.163" endtime="20220420 12:03:59.181"/>
</kw>
<kw name="Click Element" library="SeleniumLibrary">
<arg>//span[contains(text(),'Assign Learning Experiences')]</arg>
<doc>Click the element identified by ``locator``.</doc>
<msg timestamp="20220420 12:03:59.181" level="INFO">Clicking element '//span[contains(text(),'Assign Learning Experiences')]'.</msg>
<status status="PASS" starttime="20220420 12:03:59.181" endtime="20220420 12:03:59.242"/>
</kw>
<kw name="Wait Until Element Is Visible" library="SeleniumLibrary">
<arg>//span[contains(text(),'Multi Level - Multi Object')]</arg>
<doc>Waits until the element ``locator`` is visible.</doc>
<status status="PASS" starttime="20220420 12:03:59.243" endtime="20220420 12:03:59.684"/>
</kw>
<kw name="Click Element" library="SeleniumLibrary">
<arg>//span[contains(text(),'Multi Level - Multi Object')]</arg>
<doc>Click the element identified by ``locator``.</doc>
<msg timestamp="20220420 12:03:59.685" level="INFO">Clicking element '//span[contains(text(),'Multi Level - Multi Object')]'.</msg>
<status status="PASS" starttime="20220420 12:03:59.685" endtime="20220420 12:03:59.730"/>
</kw>
<kw name="Click Element" library="SeleniumLibrary">
<arg>//span[contains(text(),'Rapids')]</arg>
<doc>Click the element identified by ``locator``.</doc>
<msg timestamp="20220420 12:03:59.730" level="INFO">Clicking element '//span[contains(text(),'Rapids')]'.</msg>
<status status="PASS" starttime="20220420 12:03:59.730" endtime="20220420 12:03:59.780"/>
</kw>
<kw name="Click Element" library="SeleniumLibrary">
<arg>//span[contains(text(),'Submit')]</arg>
<doc>Click the element identified by ``locator``.</doc>
<msg timestamp="20220420 12:03:59.780" level="INFO">Clicking element '//span[contains(text(),'Submit')]'.</msg>
<status status="PASS" starttime="20220420 12:03:59.780" endtime="20220420 12:03:59.831"/>
</kw>
<status status="PASS" starttime="20220420 12:03:59.162" endtime="20220420 12:03:59.831"/>
</kw>
<kw name="Verify LXs were added to Playlist" library="pages">
<kw name="Page Should Contain Element" library="SeleniumLibrary">
<arg>//span[contains(text(),'Multi Level - Multi Object')]</arg>
<doc>Verifies that element ``locator`` is found on the current page.</doc>
<msg timestamp="20220420 12:03:59.844" level="INFO">Current page contains element '//span[contains(text(),'Multi Level - Multi Object')]'.</msg>
<status status="PASS" starttime="20220420 12:03:59.832" endtime="20220420 12:03:59.844"/>
</kw>
<status status="PASS" starttime="20220420 12:03:59.831" endtime="20220420 12:03:59.845"/>
</kw>
<kw name="Teardown Steps After All Tests" type="TEARDOWN">
<kw name="Close All Browsers" library="SeleniumLibrary">
<doc>Closes all open browsers and resets the browser cache.</doc>
<status status="PASS" starttime="20220420 12:03:59.846" endtime="20220420 12:03:59.971"/>
</kw>
<status status="PASS" starttime="20220420 12:03:59.845" endtime="20220420 12:03:59.971"/>
</kw>
<status status="PASS" starttime="20220420 12:03:48.946" endtime="20220420 12:03:59.972"/>
</test>
<doc>This Test Suite for the ticket https://learningpool.atlassian.net/browse/LXP-4552</doc>
<status status="PASS" starttime="20220420 12:03:48.692" endtime="20220420 12:03:59.973"/>
</suite>
<statistics>
<total>
<stat pass="1" fail="0" skip="0">All Tests</stat>
</total>
<tag>
</tag>
<suite>
<stat pass="1" fail="0" skip="0" id="s1" name="Assign Multiplelx">Assign Multiplelx</stat>
</suite>
</statistics>
<errors>
</errors>
</robot>
