<?xml version="1.0" encoding="UTF-8"?>
<robot generator="Robot 4.0.3 (Python 3.9.10 on darwin)" generated="20220324 08:53:34.096" rpa="false" schemaversion="2">
<suite id="s1" name="Services" source="/Users/admin/learningPoolStudy/admin/admin_settings/services.robot">
<test id="s1-t1" name="TC1 Verify User Can Enable new &quot;My Profile&quot; page">
<kw name="Precondition Steps Before Each Test" type="SETUP">
<kw name="Open Browser" library="SeleniumLibrary">
<arg>${BASE_URL}</arg>
<arg>chrome</arg>
<doc>Opens a new browser instance to the optional ``url``.</doc>
<msg timestamp="20220324 08:53:34.302" level="INFO">Opening browser 'chrome' to base url 'https://qa.curatr3.com'.</msg>
<status status="PASS" starttime="20220324 08:53:34.301" endtime="20220324 08:53:36.830"/>
</kw>
<status status="PASS" starttime="20220324 08:53:34.301" endtime="20220324 08:53:36.831"/>
</kw>
<kw name="User Login With Admin Credentials" library="pages">
<kw name="Input Text" library="SeleniumLibrary">
<arg>id=username-input</arg>
<arg>${ADMIN_USER}</arg>
<doc>Types the given ``text`` into the text field identified by ``locator``.</doc>
<msg timestamp="20220324 08:53:36.833" level="INFO">Typing text 'qasuperadmin@noreply.com' into text field 'id=username-input'.</msg>
<status status="PASS" starttime="20220324 08:53:36.832" endtime="20220324 08:53:36.956"/>
</kw>
<kw name="Input Text" library="SeleniumLibrary">
<arg>id=password-input</arg>
<arg>${USER_PASSWORD}</arg>
<doc>Types the given ``text`` into the text field identified by ``locator``.</doc>
<msg timestamp="20220324 08:53:36.957" level="INFO">Typing text 'welcome1' into text field 'id=password-input'.</msg>
<status status="PASS" starttime="20220324 08:53:36.957" endtime="20220324 08:53:37.022"/>
</kw>
<kw name="Click Element" library="SeleniumLibrary">
<arg>css:.control-group [value="Login"]</arg>
<doc>Click the element identified by ``locator``.</doc>
<msg timestamp="20220324 08:53:37.023" level="INFO">Clicking element 'css:.control-group [value="Login"]'.</msg>
<status status="PASS" starttime="20220324 08:53:37.022" endtime="20220324 08:53:38.130"/>
</kw>
<kw name="Wait Until Element Is Visible" library="SeleniumLibrary">
<arg>//div[@id='NavBar_Search']</arg>
<doc>Waits until the element ``locator`` is visible.</doc>
<status status="PASS" starttime="20220324 08:53:38.131" endtime="20220324 08:53:38.369"/>
</kw>
<status status="PASS" starttime="20220324 08:53:36.832" endtime="20220324 08:53:38.369"/>
</kw>
<kw name="User Click Admin Link In Profile Menu" library="pages">
<kw name="Click Element" library="SeleniumLibrary">
<arg>//button[@aria-label="QA Super Admin User Menu"]</arg>
<doc>Click the element identified by ``locator``.</doc>
<msg timestamp="20220324 08:53:38.371" level="INFO">Clicking element '//button[@aria-label="QA Super Admin User Menu"]'.</msg>
<status status="PASS" starttime="20220324 08:53:38.370" endtime="20220324 08:53:38.492"/>
</kw>
<kw name="Click Element" library="SeleniumLibrary">
<arg>//span[text()='Admin']</arg>
<doc>Click the element identified by ``locator``.</doc>
<msg timestamp="20220324 08:53:38.492" level="INFO">Clicking element '//span[text()='Admin']'.</msg>
<status status="PASS" starttime="20220324 08:53:38.492" endtime="20220324 08:53:38.565"/>
</kw>
<kw name="Switch Window" library="SeleniumLibrary">
<arg>NEW</arg>
<doc>Switches to browser window matching ``locator``.</doc>
<status status="PASS" starttime="20220324 08:53:38.566" endtime="20220324 08:53:38.576"/>
</kw>
<status status="PASS" starttime="20220324 08:53:38.370" endtime="20220324 08:53:38.576"/>
</kw>
<kw name="User Click Organisation Link" library="pages">
<kw name="Wait Until Element Is Visible" library="SeleniumLibrary">
<arg>//a[@href='https://qa.curatr3.com/admin/qa/dashboard']</arg>
<doc>Waits until the element ``locator`` is visible.</doc>
<status status="PASS" starttime="20220324 08:53:38.576" endtime="20220324 08:53:40.013"/>
</kw>
<kw name="Click Element" library="SeleniumLibrary">
<arg>//a[@href='https://qa.curatr3.com/admin/qa/dashboard']</arg>
<doc>Click the element identified by ``locator``.</doc>
<msg timestamp="20220324 08:53:40.014" level="INFO">Clicking element '//a[@href='https://qa.curatr3.com/admin/qa/dashboard']'.</msg>
<status status="PASS" starttime="20220324 08:53:40.013" endtime="20220324 08:53:40.478"/>
</kw>
<status status="PASS" starttime="20220324 08:53:38.576" endtime="20220324 08:53:40.478"/>
</kw>
<kw name="User Click New User Profile in Services" library="pages">
<kw name="Click Element" library="SeleniumLibrary">
<arg>//a[@href='https://qa.curatr3.com/admin/org/1/settings']</arg>
<doc>Click the element identified by ``locator``.</doc>
<msg timestamp="20220324 08:53:40.479" level="INFO">Clicking element '//a[@href='https://qa.curatr3.com/admin/org/1/settings']'.</msg>
<status status="PASS" starttime="20220324 08:53:40.479" endtime="20220324 08:53:41.377"/>
</kw>
<kw name="Click Element" library="SeleniumLibrary">
<arg>//a[@href='https://qa.curatr3.com/admin/qa/services']</arg>
<doc>Click the element identified by ``locator``.</doc>
<msg timestamp="20220324 08:53:41.377" level="INFO">Clicking element '//a[@href='https://qa.curatr3.com/admin/qa/services']'.</msg>
<status status="PASS" starttime="20220324 08:53:41.377" endtime="20220324 08:53:41.639"/>
</kw>
<kw name="Click Element" library="SeleniumLibrary">
<arg>//h2[contains(text(),'UI/UX')]</arg>
<doc>Click the element identified by ``locator``.</doc>
<msg timestamp="20220324 08:53:41.639" level="INFO">Clicking element '//h2[contains(text(),'UI/UX')]'.</msg>
<status status="PASS" starttime="20220324 08:53:41.639" endtime="20220324 08:53:42.675"/>
</kw>
<kw name="Click Element" library="SeleniumLibrary">
<arg>//input[@id='new_user_profile']</arg>
<doc>Click the element identified by ``locator``.</doc>
<msg timestamp="20220324 08:53:42.675" level="INFO">Clicking element '//input[@id='new_user_profile']'.</msg>
<status status="PASS" starttime="20220324 08:53:42.675" endtime="20220324 08:53:42.725"/>
</kw>
<kw name="Scroll Element Into View" library="SeleniumLibrary">
<arg>//input[@value='Save']</arg>
<doc>Scrolls the element identified by ``locator`` into view.</doc>
<status status="PASS" starttime="20220324 08:53:42.725" endtime="20220324 08:53:43.018"/>
</kw>
<kw name="Click Element" library="SeleniumLibrary">
<arg>//input[@value='Save']</arg>
<doc>Click the element identified by ``locator``.</doc>
<msg timestamp="20220324 08:53:43.018" level="INFO">Clicking element '//input[@value='Save']'.</msg>
<status status="PASS" starttime="20220324 08:53:43.018" endtime="20220324 08:53:43.897"/>
</kw>
<kw name="Click Element" library="SeleniumLibrary">
<arg>//span[contains(text(),'Front End')]</arg>
<doc>Click the element identified by ``locator``.</doc>
<msg timestamp="20220324 08:53:43.898" level="INFO">Clicking element '//span[contains(text(),'Front End')]'.</msg>
<status status="PASS" starttime="20220324 08:53:43.897" endtime="20220324 08:53:43.957"/>
</kw>
<status status="PASS" starttime="20220324 08:53:40.478" endtime="20220324 08:53:43.957"/>
</kw>
<kw name="Teardown Steps After All Tests" type="TEARDOWN">
<kw name="Close All Browsers" library="SeleniumLibrary">
<doc>Closes all open browsers and resets the browser cache.</doc>
<status status="PASS" starttime="20220324 08:53:43.958" endtime="20220324 08:53:44.069"/>
</kw>
<status status="PASS" starttime="20220324 08:53:43.958" endtime="20220324 08:53:44.069"/>
</kw>
<status status="PASS" starttime="20220324 08:53:34.300" endtime="20220324 08:53:44.070"/>
</test>
<status status="PASS" starttime="20220324 08:53:34.097" endtime="20220324 08:53:44.071"/>
</suite>
<statistics>
<total>
<stat pass="1" fail="0" skip="0">All Tests</stat>
</total>
<tag>
</tag>
<suite>
<stat pass="1" fail="0" skip="0" id="s1" name="Services">Services</stat>
</suite>
</statistics>
<errors>
</errors>
</robot>
