<?xml version="1.0" encoding="UTF-8"?>
<robot generator="Robot 4.0.3 (Python 3.9.6 on darwin)" generated="20210723 11:44:52.010" rpa="false" schemaversion="2">
<suite id="s1" name="Dynamic Groups" source="/Users/admin/learningPoolStudy/admin/groups/dynamic_groups.robot">
<test id="s1-t1" name="TC1 User Login as Admin And Open Admin Site">
<kw name="Precondition Steps Before Each Test" type="SETUP">
<kw name="Open Browser" library="SeleniumLibrary">
<arg>${BASE_URL}</arg>
<arg>chrome</arg>
<doc>Opens a new browser instance to the optional ``url``.</doc>
<msg timestamp="20210723 11:44:52.236" level="INFO">Opening browser 'chrome' to base url 'https://qa.curatr3.com'.</msg>
<status status="PASS" starttime="20210723 11:44:52.235" endtime="20210723 11:44:56.120"/>
</kw>
<status status="PASS" starttime="20210723 11:44:52.235" endtime="20210723 11:44:56.121"/>
</kw>
<kw name="User Login With Admin Credentials" library="pages">
<kw name="Input Text" library="SeleniumLibrary">
<arg>id=username-input</arg>
<arg>${ADMIN_USER}</arg>
<doc>Types the given ``text`` into the text field identified by ``locator``.</doc>
<msg timestamp="20210723 11:44:56.123" level="INFO">Typing text 'qasuperadmin@noreply.com' into text field 'id=username-input'.</msg>
<status status="PASS" starttime="20210723 11:44:56.122" endtime="20210723 11:44:56.262"/>
</kw>
<kw name="Input Text" library="SeleniumLibrary">
<arg>id=password-input</arg>
<arg>${USER_PASSWORD}</arg>
<doc>Types the given ``text`` into the text field identified by ``locator``.</doc>
<msg timestamp="20210723 11:44:56.263" level="INFO">Typing text 'welcome1' into text field 'id=password-input'.</msg>
<status status="PASS" starttime="20210723 11:44:56.263" endtime="20210723 11:44:56.369"/>
</kw>
<kw name="Click Element" library="SeleniumLibrary">
<arg>css:.control-group [value="Login"]</arg>
<doc>Click the element identified by ``locator``.</doc>
<msg timestamp="20210723 11:44:56.370" level="INFO">Clicking element 'css:.control-group [value="Login"]'.</msg>
<status status="PASS" starttime="20210723 11:44:56.369" endtime="20210723 11:44:58.083"/>
</kw>
<kw name="Wait Until Element Is Visible" library="SeleniumLibrary">
<arg>//div[@id='NavBar_Search']</arg>
<doc>Waits until the element ``locator`` is visible.</doc>
<status status="PASS" starttime="20210723 11:44:58.084" endtime="20210723 11:44:58.104"/>
</kw>
<status status="PASS" starttime="20210723 11:44:56.121" endtime="20210723 11:44:58.104"/>
</kw>
<kw name="User Click Admin Link In Profile Menu" library="pages">
<kw name="Click Element" library="SeleniumLibrary">
<arg>//button[@aria-label="QA Super Admin User Menu"]</arg>
<doc>Click the element identified by ``locator``.</doc>
<msg timestamp="20210723 11:44:58.105" level="INFO">Clicking element '//button[@aria-label="QA Super Admin User Menu"]'.</msg>
<status status="PASS" starttime="20210723 11:44:58.105" endtime="20210723 11:44:58.218"/>
</kw>
<kw name="Click Element" library="SeleniumLibrary">
<arg>//span[text()='Admin']</arg>
<doc>Click the element identified by ``locator``.</doc>
<msg timestamp="20210723 11:44:58.219" level="INFO">Clicking element '//span[text()='Admin']'.</msg>
<status status="PASS" starttime="20210723 11:44:58.218" endtime="20210723 11:44:58.288"/>
</kw>
<kw name="Switch Window" library="SeleniumLibrary">
<arg>NEW</arg>
<doc>Switches to browser window matching ``locator``.</doc>
<status status="PASS" starttime="20210723 11:44:58.288" endtime="20210723 11:44:58.299"/>
</kw>
<status status="PASS" starttime="20210723 11:44:58.104" endtime="20210723 11:44:58.300"/>
</kw>
<kw name="User Click Admin Link In Profile Menu" library="pages">
<kw name="Click Element" library="SeleniumLibrary">
<arg>//button[@aria-label="QA Super Admin User Menu"]</arg>
<doc>Click the element identified by ``locator``.</doc>
<msg timestamp="20210723 11:44:58.301" level="INFO">Clicking element '//button[@aria-label="QA Super Admin User Menu"]'.</msg>
<kw name="Capture Page Screenshot" library="SeleniumLibrary">
<doc>Takes a screenshot of the current page and embeds it into a log file.</doc>
<msg timestamp="20210723 11:44:59.394" level="INFO" html="true">&lt;/td&gt;&lt;/tr&gt;&lt;tr&gt;&lt;td colspan="3"&gt;&lt;a href="selenium-screenshot-8.png"&gt;&lt;img src="selenium-screenshot-8.png" width="800px"&gt;&lt;/a&gt;</msg>
<status status="PASS" starttime="20210723 11:44:59.100" endtime="20210723 11:44:59.394"/>
</kw>
<msg timestamp="20210723 11:44:59.398" level="FAIL">Element with locator '//button[@aria-label="QA Super Admin User Menu"]' not found.</msg>
<status status="FAIL" starttime="20210723 11:44:58.300" endtime="20210723 11:44:59.398"/>
</kw>
<kw name="Click Element" library="SeleniumLibrary">
<arg>//span[text()='Admin']</arg>
<doc>Click the element identified by ``locator``.</doc>
<status status="NOT RUN" starttime="20210723 11:44:59.398" endtime="20210723 11:44:59.398"/>
</kw>
<kw name="Switch Window" library="SeleniumLibrary">
<arg>NEW</arg>
<doc>Switches to browser window matching ``locator``.</doc>
<status status="NOT RUN" starttime="20210723 11:44:59.398" endtime="20210723 11:44:59.398"/>
</kw>
<status status="FAIL" starttime="20210723 11:44:58.300" endtime="20210723 11:44:59.399"/>
</kw>
<kw name="Teardown Steps After All Tests" type="TEARDOWN">
<msg timestamp="20210723 11:44:59.404" level="FAIL">No keyword with name 'Teardown Steps After All Tests' found.</msg>
<status status="FAIL" starttime="20210723 11:44:59.403" endtime="20210723 11:44:59.404">No keyword with name 'Teardown Steps After All Tests' found.</status>
</kw>
<status status="FAIL" starttime="20210723 11:44:52.234" endtime="20210723 11:44:59.404">Element with locator '//button[@aria-label="QA Super Admin User Menu"]' not found.

Also teardown failed:
No keyword with name 'Teardown Steps After All Tests' found.</status>
</test>
<test id="s1-t2" name="TC2 User Add New Group">
<kw name="Precondition Steps Before Each Test" type="SETUP">
<kw name="Open Browser" library="SeleniumLibrary">
<arg>${BASE_URL}</arg>
<arg>chrome</arg>
<doc>Opens a new browser instance to the optional ``url``.</doc>
<msg timestamp="20210723 11:44:59.406" level="INFO">Opening browser 'chrome' to base url 'https://qa.curatr3.com'.</msg>
<status status="PASS" starttime="20210723 11:44:59.406" endtime="20210723 11:45:02.665"/>
</kw>
<status status="PASS" starttime="20210723 11:44:59.405" endtime="20210723 11:45:02.666"/>
</kw>
<kw name="User Click Settings" library="pages">
<kw name="Click Element" library="SeleniumLibrary">
<arg>css: #settings-tab</arg>
<doc>Click the element identified by ``locator``.</doc>
<msg timestamp="20210723 11:45:02.668" level="INFO">Clicking element 'css: #settings-tab'.</msg>
<kw name="Capture Page Screenshot" library="SeleniumLibrary">
<doc>Takes a screenshot of the current page and embeds it into a log file.</doc>
<msg timestamp="20210723 11:45:02.956" level="INFO" html="true">&lt;/td&gt;&lt;/tr&gt;&lt;tr&gt;&lt;td colspan="3"&gt;&lt;a href="selenium-screenshot-9.png"&gt;&lt;img src="selenium-screenshot-9.png" width="800px"&gt;&lt;/a&gt;</msg>
<status status="PASS" starttime="20210723 11:45:02.683" endtime="20210723 11:45:02.956"/>
</kw>
<msg timestamp="20210723 11:45:02.957" level="FAIL">Element with locator 'css: #settings-tab' not found.</msg>
<status status="FAIL" starttime="20210723 11:45:02.667" endtime="20210723 11:45:02.957"/>
</kw>
<status status="FAIL" starttime="20210723 11:45:02.667" endtime="20210723 11:45:02.957"/>
</kw>
<kw name="User Click Groups menu and Add New Group" library="pages">
<status status="NOT RUN" starttime="20210723 11:45:02.957" endtime="20210723 11:45:02.957"/>
</kw>
<kw name="Teardown Steps After All Tests" type="TEARDOWN">
<msg timestamp="20210723 11:45:02.962" level="FAIL">No keyword with name 'Teardown Steps After All Tests' found.</msg>
<status status="FAIL" starttime="20210723 11:45:02.962" endtime="20210723 11:45:02.962">No keyword with name 'Teardown Steps After All Tests' found.</status>
</kw>
<status status="FAIL" starttime="20210723 11:44:59.405" endtime="20210723 11:45:02.962">Element with locator 'css: #settings-tab' not found.

Also teardown failed:
No keyword with name 'Teardown Steps After All Tests' found.</status>
</test>
<doc>This Test Suite for the ticket https://learningpool.atlassian.net/browse/LXP-4176</doc>
<status status="FAIL" starttime="20210723 11:44:52.012" endtime="20210723 11:45:02.963"/>
</suite>
<statistics>
<total>
<stat pass="0" fail="2" skip="0">All Tests</stat>
</total>
<tag>
</tag>
<suite>
<stat pass="0" fail="2" skip="0" id="s1" name="Dynamic Groups">Dynamic Groups</stat>
</suite>
</statistics>
<errors>
</errors>
</robot>
