<?xml version="1.0" encoding="UTF-8"?>
<robot generator="Robot 4.0.3 (Python 3.9.6 on darwin)" generated="20210723 07:53:45.853" rpa="false" schemaversion="2">
<suite id="s1" name="Badge Criteria" source="/Users/admin/learningPoolStudy/admin/settings/badge_criteria.robot">
<test id="s1-t1" name="TC1 &quot;Verify User Can Make New Live Badge with Complete course criteria&quot;">
<kw name="Precondition Steps Before Each Test" type="SETUP">
<kw name="Open Browser" library="SeleniumLibrary">
<arg>${BASE_URL}</arg>
<arg>headlesschrome</arg>
<doc>Opens a new browser instance to the optional ``url``.</doc>
<msg timestamp="20210723 07:53:46.028" level="INFO">Opening browser 'headlesschrome' to base url 'https://qa.curatr3.com'.</msg>
<status status="PASS" starttime="20210723 07:53:46.028" endtime="20210723 07:53:48.268"/>
</kw>
<status status="PASS" starttime="20210723 07:53:46.027" endtime="20210723 07:53:48.268"/>
</kw>
<kw name="User Login With Admin Credentials" library="keywords">
<kw name="Input Text" library="SeleniumLibrary">
<arg>id=username-input</arg>
<arg>${ADMIN_USER}</arg>
<doc>Types the given ``text`` into the text field identified by ``locator``.</doc>
<msg timestamp="20210723 07:53:48.270" level="INFO">Typing text 'qasuperadmin@noreply.com' into text field 'id=username-input'.</msg>
<status status="PASS" starttime="20210723 07:53:48.269" endtime="20210723 07:53:48.406"/>
</kw>
<kw name="Input Text" library="SeleniumLibrary">
<arg>id=password-input</arg>
<arg>${USER_PASSWORD}</arg>
<doc>Types the given ``text`` into the text field identified by ``locator``.</doc>
<msg timestamp="20210723 07:53:48.406" level="INFO">Typing text 'welcome1' into text field 'id=password-input'.</msg>
<status status="PASS" starttime="20210723 07:53:48.406" endtime="20210723 07:53:48.471"/>
</kw>
<kw name="Click Element" library="SeleniumLibrary">
<arg>css:.control-group [value="Login"]</arg>
<doc>Click the element identified by ``locator``.</doc>
<msg timestamp="20210723 07:53:48.471" level="INFO">Clicking element 'css:.control-group [value="Login"]'.</msg>
<status status="PASS" starttime="20210723 07:53:48.471" endtime="20210723 07:53:49.981"/>
</kw>
<kw name="Wait Until Element Is Visible" library="SeleniumLibrary">
<arg>//div[@id='NavBar_Search']</arg>
<doc>Waits until the element ``locator`` is visible.</doc>
<status status="PASS" starttime="20210723 07:53:49.981" endtime="20210723 07:53:50.002"/>
</kw>
<status status="PASS" starttime="20210723 07:53:48.269" endtime="20210723 07:53:50.003"/>
</kw>
<kw name="User Click Admin Link In Profile Menu" library="keywords">
<kw name="Click Element" library="SeleniumLibrary">
<arg>//button[@aria-label="QA Super Admin User Menu"]</arg>
<doc>Click the element identified by ``locator``.</doc>
<msg timestamp="20210723 07:53:50.003" level="INFO">Clicking element '//button[@aria-label="QA Super Admin User Menu"]'.</msg>
<status status="PASS" starttime="20210723 07:53:50.003" endtime="20210723 07:53:50.074"/>
</kw>
<kw name="Click Element" library="SeleniumLibrary">
<arg>//span[text()='Admin']</arg>
<doc>Click the element identified by ``locator``.</doc>
<msg timestamp="20210723 07:53:50.074" level="INFO">Clicking element '//span[text()='Admin']'.</msg>
<status status="PASS" starttime="20210723 07:53:50.074" endtime="20210723 07:53:50.120"/>
</kw>
<kw name="Switch Window" library="SeleniumLibrary">
<arg>NEW</arg>
<doc>Switches to browser window matching ``locator``.</doc>
<status status="PASS" starttime="20210723 07:53:50.120" endtime="20210723 07:53:50.133"/>
</kw>
<status status="PASS" starttime="20210723 07:53:50.003" endtime="20210723 07:53:50.133"/>
</kw>
<kw name="User Click Settings and Badge Link" library="keywords">
<kw name="Click Element" library="SeleniumLibrary">
<arg>css: #settings-tab</arg>
<doc>Click the element identified by ``locator``.</doc>
<msg timestamp="20210723 07:53:50.134" level="INFO">Clicking element 'css: #settings-tab'.</msg>
<status status="PASS" starttime="20210723 07:53:50.134" endtime="20210723 07:53:51.041"/>
</kw>
<kw name="Wait Until Element Is Visible" library="SeleniumLibrary">
<arg>xpath: //a[@href='https://qa.curatr3.com/admin/qa/award']</arg>
<doc>Waits until the element ``locator`` is visible.</doc>
<status status="PASS" starttime="20210723 07:53:51.042" endtime="20210723 07:53:51.805"/>
</kw>
<kw name="Click Element" library="SeleniumLibrary">
<arg>//a[@href='https://qa.curatr3.com/admin/qa/award']</arg>
<doc>Click the element identified by ``locator``.</doc>
<msg timestamp="20210723 07:53:51.806" level="INFO">Clicking element '//a[@href='https://qa.curatr3.com/admin/qa/award']'.</msg>
<status status="PASS" starttime="20210723 07:53:51.806" endtime="20210723 07:53:51.854"/>
</kw>
<status status="PASS" starttime="20210723 07:53:50.134" endtime="20210723 07:53:51.855"/>
</kw>
<kw name="User Make New Badge" library="keywords">
<kw name="Wait Until Element Is Visible" library="SeleniumLibrary">
<arg>xpath: //a[@id="award-add-button"]</arg>
<doc>Waits until the element ``locator`` is visible.</doc>
<status status="PASS" starttime="20210723 07:53:51.855" endtime="20210723 07:53:52.157"/>
</kw>
<kw name="Click Element" library="SeleniumLibrary">
<arg>//a[@id="award-add-button"]</arg>
<doc>Click the element identified by ``locator``.</doc>
<msg timestamp="20210723 07:53:52.158" level="INFO">Clicking element '//a[@id="award-add-button"]'.</msg>
<status status="PASS" starttime="20210723 07:53:52.158" endtime="20210723 07:53:52.190"/>
</kw>
<kw name="Wait Until Element Is Visible" library="SeleniumLibrary">
<arg>name:name</arg>
<doc>Waits until the element ``locator`` is visible.</doc>
<status status="PASS" starttime="20210723 07:53:52.190" endtime="20210723 07:53:52.492"/>
</kw>
<kw name="Input Text" library="SeleniumLibrary">
<arg>name:name</arg>
<arg>Badge1</arg>
<doc>Types the given ``text`` into the text field identified by ``locator``.</doc>
<msg timestamp="20210723 07:53:52.492" level="INFO">Typing text 'Badge1' into text field 'name:name'.</msg>
<status status="PASS" starttime="20210723 07:53:52.492" endtime="20210723 07:53:52.549"/>
</kw>
<kw name="Click Element" library="SeleniumLibrary">
<arg>css: [type = "submit"]</arg>
<doc>Click the element identified by ``locator``.</doc>
<msg timestamp="20210723 07:53:52.550" level="INFO">Clicking element 'css: [type = "submit"]'.</msg>
<status status="PASS" starttime="20210723 07:53:52.549" endtime="20210723 07:53:52.939"/>
</kw>
<kw name="Wait Until Element Is Visible" library="SeleniumLibrary">
<arg>//*[@id="type-select-undefined"]</arg>
<doc>Waits until the element ``locator`` is visible.</doc>
<status status="PASS" starttime="20210723 07:53:52.939" endtime="20210723 07:53:52.975"/>
</kw>
<status status="PASS" starttime="20210723 07:53:51.855" endtime="20210723 07:53:52.975"/>
</kw>
<kw name="User Select Criteria" library="keywords">
<kw name="Click Element" library="SeleniumLibrary">
<arg>//*[@id="type-select-undefined"]</arg>
<doc>Click the element identified by ``locator``.</doc>
<msg timestamp="20210723 07:53:52.976" level="INFO">Clicking element '//*[@id="type-select-undefined"]'.</msg>
<status status="PASS" starttime="20210723 07:53:52.976" endtime="20210723 07:53:53.013"/>
</kw>
<kw name="Click Element" library="SeleniumLibrary">
<arg>css:.type-select [value =completion]</arg>
<doc>Click the element identified by ``locator``.</doc>
<msg timestamp="20210723 07:53:53.013" level="INFO">Clicking element 'css:.type-select [value =completion]'.</msg>
<status status="PASS" starttime="20210723 07:53:53.013" endtime="20210723 07:53:53.049"/>
</kw>
<kw name="Click Element" library="SeleniumLibrary">
<arg>css:[style="display: inline-block;"]</arg>
<doc>Click the element identified by ``locator``.</doc>
<msg timestamp="20210723 07:53:53.050" level="INFO">Clicking element 'css:[style="display: inline-block;"]'.</msg>
<status status="PASS" starttime="20210723 07:53:53.050" endtime="20210723 07:53:53.089"/>
</kw>
<kw name="Wait Until Element Is Visible" library="SeleniumLibrary">
<arg>//a[@class='pull-right']</arg>
<doc>Waits until the element ``locator`` is visible.</doc>
<status status="PASS" starttime="20210723 07:53:53.089" endtime="20210723 07:53:53.104"/>
</kw>
<status status="PASS" starttime="20210723 07:53:52.975" endtime="20210723 07:53:53.105"/>
</kw>
<kw name="User Make Badge Live" library="keywords">
<kw name="Click Element" library="SeleniumLibrary">
<arg>//a[@class='pull-right']</arg>
<doc>Click the element identified by ``locator``.</doc>
<msg timestamp="20210723 07:53:53.105" level="INFO">Clicking element '//a[@class='pull-right']'.</msg>
<status status="PASS" starttime="20210723 07:53:53.105" endtime="20210723 07:53:53.138"/>
</kw>
<kw name="Wait Until Element Is Visible" library="SeleniumLibrary">
<arg>//input[@value='1']</arg>
<doc>Waits until the element ``locator`` is visible.</doc>
<status status="PASS" starttime="20210723 07:53:53.139" endtime="20210723 07:53:53.564"/>
</kw>
<kw name="Click Element" library="SeleniumLibrary">
<arg>//input[@value='1']</arg>
<doc>Click the element identified by ``locator``.</doc>
<msg timestamp="20210723 07:53:53.564" level="INFO">Clicking element '//input[@value='1']'.</msg>
<status status="PASS" starttime="20210723 07:53:53.564" endtime="20210723 07:53:53.604"/>
</kw>
<kw name="Click Element" library="SeleniumLibrary">
<arg>//input[@value='Save']</arg>
<doc>Click the element identified by ``locator``.</doc>
<msg timestamp="20210723 07:53:53.605" level="INFO">Clicking element '//input[@value='Save']'.</msg>
<status status="PASS" starttime="20210723 07:53:53.604" endtime="20210723 07:53:54.147"/>
</kw>
<status status="PASS" starttime="20210723 07:53:53.105" endtime="20210723 07:53:54.147"/>
</kw>
<kw name="Teardown Steps After All Tests" type="TEARDOWN">
<kw name="Close All Browsers" library="SeleniumLibrary">
<doc>Closes all open browsers and resets the browser cache.</doc>
<status status="PASS" starttime="20210723 07:53:54.147" endtime="20210723 07:53:54.225"/>
</kw>
<status status="PASS" starttime="20210723 07:53:54.147" endtime="20210723 07:53:54.226"/>
</kw>
<status status="PASS" starttime="20210723 07:53:46.026" endtime="20210723 07:53:54.226"/>
</test>
<test id="s1-t2" name="TC2 &quot;Verify User Can Make Second Live Badge with Complete Badge criteria&quot;">
<kw name="Precondition Steps Before Each Test" type="SETUP">
<kw name="Open Browser" library="SeleniumLibrary">
<arg>${BASE_URL}</arg>
<arg>headlesschrome</arg>
<doc>Opens a new browser instance to the optional ``url``.</doc>
<msg timestamp="20210723 07:53:54.229" level="INFO">Opening browser 'headlesschrome' to base url 'https://qa.curatr3.com'.</msg>
<status status="PASS" starttime="20210723 07:53:54.228" endtime="20210723 07:53:56.424"/>
</kw>
<status status="PASS" starttime="20210723 07:53:54.228" endtime="20210723 07:53:56.424"/>
</kw>
<kw name="User Login With Admin Credentials" library="keywords">
<kw name="Input Text" library="SeleniumLibrary">
<arg>id=username-input</arg>
<arg>${ADMIN_USER}</arg>
<doc>Types the given ``text`` into the text field identified by ``locator``.</doc>
<msg timestamp="20210723 07:53:56.426" level="INFO">Typing text 'qasuperadmin@noreply.com' into text field 'id=username-input'.</msg>
<status status="PASS" starttime="20210723 07:53:56.425" endtime="20210723 07:53:56.563"/>
</kw>
<kw name="Input Text" library="SeleniumLibrary">
<arg>id=password-input</arg>
<arg>${USER_PASSWORD}</arg>
<doc>Types the given ``text`` into the text field identified by ``locator``.</doc>
<msg timestamp="20210723 07:53:56.564" level="INFO">Typing text 'welcome1' into text field 'id=password-input'.</msg>
<status status="PASS" starttime="20210723 07:53:56.564" endtime="20210723 07:53:56.629"/>
</kw>
<kw name="Click Element" library="SeleniumLibrary">
<arg>css:.control-group [value="Login"]</arg>
<doc>Click the element identified by ``locator``.</doc>
<msg timestamp="20210723 07:53:56.629" level="INFO">Clicking element 'css:.control-group [value="Login"]'.</msg>
<status status="PASS" starttime="20210723 07:53:56.629" endtime="20210723 07:53:58.044"/>
</kw>
<kw name="Wait Until Element Is Visible" library="SeleniumLibrary">
<arg>//div[@id='NavBar_Search']</arg>
<doc>Waits until the element ``locator`` is visible.</doc>
<status status="PASS" starttime="20210723 07:53:58.044" endtime="20210723 07:53:58.066"/>
</kw>
<status status="PASS" starttime="20210723 07:53:56.425" endtime="20210723 07:53:58.066"/>
</kw>
<kw name="User Click Admin Link In Profile Menu" library="keywords">
<kw name="Click Element" library="SeleniumLibrary">
<arg>//button[@aria-label="QA Super Admin User Menu"]</arg>
<doc>Click the element identified by ``locator``.</doc>
<msg timestamp="20210723 07:53:58.067" level="INFO">Clicking element '//button[@aria-label="QA Super Admin User Menu"]'.</msg>
<status status="PASS" starttime="20210723 07:53:58.066" endtime="20210723 07:53:58.143"/>
</kw>
<kw name="Click Element" library="SeleniumLibrary">
<arg>//span[text()='Admin']</arg>
<doc>Click the element identified by ``locator``.</doc>
<msg timestamp="20210723 07:53:58.144" level="INFO">Clicking element '//span[text()='Admin']'.</msg>
<status status="PASS" starttime="20210723 07:53:58.143" endtime="20210723 07:53:58.239"/>
</kw>
<kw name="Switch Window" library="SeleniumLibrary">
<arg>NEW</arg>
<doc>Switches to browser window matching ``locator``.</doc>
<status status="PASS" starttime="20210723 07:53:58.239" endtime="20210723 07:53:58.254"/>
</kw>
<status status="PASS" starttime="20210723 07:53:58.066" endtime="20210723 07:53:58.254"/>
</kw>
<kw name="User Click Settings and Badge Link" library="keywords">
<kw name="Click Element" library="SeleniumLibrary">
<arg>css: #settings-tab</arg>
<doc>Click the element identified by ``locator``.</doc>
<msg timestamp="20210723 07:53:58.255" level="INFO">Clicking element 'css: #settings-tab'.</msg>
<status status="PASS" starttime="20210723 07:53:58.255" endtime="20210723 07:53:59.133"/>
</kw>
<kw name="Wait Until Element Is Visible" library="SeleniumLibrary">
<arg>xpath: //a[@href='https://qa.curatr3.com/admin/qa/award']</arg>
<doc>Waits until the element ``locator`` is visible.</doc>
<status status="PASS" starttime="20210723 07:53:59.134" endtime="20210723 07:53:59.796"/>
</kw>
<kw name="Click Element" library="SeleniumLibrary">
<arg>//a[@href='https://qa.curatr3.com/admin/qa/award']</arg>
<doc>Click the element identified by ``locator``.</doc>
<msg timestamp="20210723 07:53:59.796" level="INFO">Clicking element '//a[@href='https://qa.curatr3.com/admin/qa/award']'.</msg>
<status status="PASS" starttime="20210723 07:53:59.796" endtime="20210723 07:53:59.840"/>
</kw>
<status status="PASS" starttime="20210723 07:53:58.254" endtime="20210723 07:53:59.841"/>
</kw>
<kw name="User Make Second Badge" library="keywords">
<kw name="Click Element" library="SeleniumLibrary">
<arg>//a[@href='https://qa.curatr3.com/admin/qa/award']</arg>
<doc>Click the element identified by ``locator``.</doc>
<msg timestamp="20210723 07:53:59.842" level="INFO">Clicking element '//a[@href='https://qa.curatr3.com/admin/qa/award']'.</msg>
<status status="PASS" starttime="20210723 07:53:59.841" endtime="20210723 07:53:59.873"/>
</kw>
<kw name="Wait Until Element Is Visible" library="SeleniumLibrary">
<arg>//a[@id="award-add-button"]</arg>
<doc>Waits until the element ``locator`` is visible.</doc>
<status status="PASS" starttime="20210723 07:53:59.873" endtime="20210723 07:54:00.162"/>
</kw>
<kw name="Click Element" library="SeleniumLibrary">
<arg>//a[@id="award-add-button"]</arg>
<doc>Click the element identified by ``locator``.</doc>
<msg timestamp="20210723 07:54:00.162" level="INFO">Clicking element '//a[@id="award-add-button"]'.</msg>
<status status="PASS" starttime="20210723 07:54:00.162" endtime="20210723 07:54:00.194"/>
</kw>
<kw name="Wait Until Element Is Visible" library="SeleniumLibrary">
<arg>name:name</arg>
<doc>Waits until the element ``locator`` is visible.</doc>
<status status="PASS" starttime="20210723 07:54:00.195" endtime="20210723 07:54:00.509"/>
</kw>
<kw name="Input Text" library="SeleniumLibrary">
<arg>name:name</arg>
<arg>Badge2</arg>
<doc>Types the given ``text`` into the text field identified by ``locator``.</doc>
<msg timestamp="20210723 07:54:00.509" level="INFO">Typing text 'Badge2' into text field 'name:name'.</msg>
<status status="PASS" starttime="20210723 07:54:00.509" endtime="20210723 07:54:00.566"/>
</kw>
<kw name="Click Element" library="SeleniumLibrary">
<arg>css: [type = "submit"]</arg>
<doc>Click the element identified by ``locator``.</doc>
<msg timestamp="20210723 07:54:00.567" level="INFO">Clicking element 'css: [type = "submit"]'.</msg>
<status status="PASS" starttime="20210723 07:54:00.566" endtime="20210723 07:54:00.991"/>
</kw>
<kw name="Wait Until Element Is Visible" library="SeleniumLibrary">
<arg>//*[@id="type-select-undefined"]</arg>
<doc>Waits until the element ``locator`` is visible.</doc>
<status status="PASS" starttime="20210723 07:54:00.991" endtime="20210723 07:54:01.008"/>
</kw>
<status status="PASS" starttime="20210723 07:53:59.841" endtime="20210723 07:54:01.008"/>
</kw>
<kw name="User Select Criteria for the Second Badge" library="keywords">
<kw name="Click Element" library="SeleniumLibrary">
<arg>//*[@id="type-select-undefined"]</arg>
<doc>Click the element identified by ``locator``.</doc>
<msg timestamp="20210723 07:54:01.009" level="INFO">Clicking element '//*[@id="type-select-undefined"]'.</msg>
<status status="PASS" starttime="20210723 07:54:01.009" endtime="20210723 07:54:01.046"/>
</kw>
<kw name="Click Element" library="SeleniumLibrary">
<arg>css:.type-select [value =completion]</arg>
<doc>Click the element identified by ``locator``.</doc>
<msg timestamp="20210723 07:54:01.046" level="INFO">Clicking element 'css:.type-select [value =completion]'.</msg>
<status status="PASS" starttime="20210723 07:54:01.046" endtime="20210723 07:54:01.083"/>
</kw>
<kw name="Click Element" library="SeleniumLibrary">
<arg>//option[@value='Award']</arg>
<doc>Click the element identified by ``locator``.</doc>
<msg timestamp="20210723 07:54:01.084" level="INFO">Clicking element '//option[@value='Award']'.</msg>
<status status="PASS" starttime="20210723 07:54:01.083" endtime="20210723 07:54:01.119"/>
</kw>
<kw name="Click Element" library="SeleniumLibrary">
<arg>//*[@id="completion-model-select-undefined"]/option[4]</arg>
<doc>Click the element identified by ``locator``.</doc>
<msg timestamp="20210723 07:54:01.119" level="INFO">Clicking element '//*[@id="completion-model-select-undefined"]/option[4]'.</msg>
<status status="PASS" starttime="20210723 07:54:01.119" endtime="20210723 07:54:01.158"/>
</kw>
<kw name="Click Element" library="SeleniumLibrary">
<arg>css:[style="display: inline-block;"]</arg>
<doc>Click the element identified by ``locator``.</doc>
<msg timestamp="20210723 07:54:01.158" level="INFO">Clicking element 'css:[style="display: inline-block;"]'.</msg>
<status status="PASS" starttime="20210723 07:54:01.158" endtime="20210723 07:54:01.206"/>
</kw>
<kw name="Wait Until Element Is Visible" library="SeleniumLibrary">
<arg>//a[@class='pull-right']</arg>
<doc>Waits until the element ``locator`` is visible.</doc>
<status status="PASS" starttime="20210723 07:54:01.206" endtime="20210723 07:54:01.225"/>
</kw>
<status status="PASS" starttime="20210723 07:54:01.008" endtime="20210723 07:54:01.225"/>
</kw>
<kw name="User Make Badge Live" library="keywords">
<kw name="Click Element" library="SeleniumLibrary">
<arg>//a[@class='pull-right']</arg>
<doc>Click the element identified by ``locator``.</doc>
<msg timestamp="20210723 07:54:01.227" level="INFO">Clicking element '//a[@class='pull-right']'.</msg>
<status status="PASS" starttime="20210723 07:54:01.226" endtime="20210723 07:54:01.267"/>
</kw>
<kw name="Wait Until Element Is Visible" library="SeleniumLibrary">
<arg>//input[@value='1']</arg>
<doc>Waits until the element ``locator`` is visible.</doc>
<status status="PASS" starttime="20210723 07:54:01.268" endtime="20210723 07:54:01.715"/>
</kw>
<kw name="Click Element" library="SeleniumLibrary">
<arg>//input[@value='1']</arg>
<doc>Click the element identified by ``locator``.</doc>
<msg timestamp="20210723 07:54:01.716" level="INFO">Clicking element '//input[@value='1']'.</msg>
<status status="PASS" starttime="20210723 07:54:01.715" endtime="20210723 07:54:01.760"/>
</kw>
<kw name="Click Element" library="SeleniumLibrary">
<arg>//input[@value='Save']</arg>
<doc>Click the element identified by ``locator``.</doc>
<msg timestamp="20210723 07:54:01.760" level="INFO">Clicking element '//input[@value='Save']'.</msg>
<status status="PASS" starttime="20210723 07:54:01.760" endtime="20210723 07:54:02.373"/>
</kw>
<status status="PASS" starttime="20210723 07:54:01.226" endtime="20210723 07:54:02.373"/>
</kw>
<kw name="Teardown Steps After All Tests" type="TEARDOWN">
<kw name="Close All Browsers" library="SeleniumLibrary">
<doc>Closes all open browsers and resets the browser cache.</doc>
<status status="PASS" starttime="20210723 07:54:02.374" endtime="20210723 07:54:02.449"/>
</kw>
<status status="PASS" starttime="20210723 07:54:02.373" endtime="20210723 07:54:02.449"/>
</kw>
<status status="PASS" starttime="20210723 07:53:54.227" endtime="20210723 07:54:02.449"/>
</test>
<test id="s1-t3" name="TC3 &quot;Admin Make New User&quot;">
<kw name="Precondition Steps Before Each Test" type="SETUP">
<kw name="Open Browser" library="SeleniumLibrary">
<arg>${BASE_URL}</arg>
<arg>headlesschrome</arg>
<doc>Opens a new browser instance to the optional ``url``.</doc>
<msg timestamp="20210723 07:54:02.452" level="INFO">Opening browser 'headlesschrome' to base url 'https://qa.curatr3.com'.</msg>
<status status="PASS" starttime="20210723 07:54:02.452" endtime="20210723 07:54:04.564"/>
</kw>
<status status="PASS" starttime="20210723 07:54:02.451" endtime="20210723 07:54:04.564"/>
</kw>
<kw name="User Login With Admin Credentials" library="keywords">
<kw name="Input Text" library="SeleniumLibrary">
<arg>id=username-input</arg>
<arg>${ADMIN_USER}</arg>
<doc>Types the given ``text`` into the text field identified by ``locator``.</doc>
<msg timestamp="20210723 07:54:04.566" level="INFO">Typing text 'qasuperadmin@noreply.com' into text field 'id=username-input'.</msg>
<status status="PASS" starttime="20210723 07:54:04.565" endtime="20210723 07:54:04.711"/>
</kw>
<kw name="Input Text" library="SeleniumLibrary">
<arg>id=password-input</arg>
<arg>${USER_PASSWORD}</arg>
<doc>Types the given ``text`` into the text field identified by ``locator``.</doc>
<msg timestamp="20210723 07:54:04.712" level="INFO">Typing text 'welcome1' into text field 'id=password-input'.</msg>
<status status="PASS" starttime="20210723 07:54:04.711" endtime="20210723 07:54:04.780"/>
</kw>
<kw name="Click Element" library="SeleniumLibrary">
<arg>css:.control-group [value="Login"]</arg>
<doc>Click the element identified by ``locator``.</doc>
<msg timestamp="20210723 07:54:04.780" level="INFO">Clicking element 'css:.control-group [value="Login"]'.</msg>
<status status="PASS" starttime="20210723 07:54:04.780" endtime="20210723 07:54:06.233"/>
</kw>
<kw name="Wait Until Element Is Visible" library="SeleniumLibrary">
<arg>//div[@id='NavBar_Search']</arg>
<doc>Waits until the element ``locator`` is visible.</doc>
<status status="PASS" starttime="20210723 07:54:06.233" endtime="20210723 07:54:06.253"/>
</kw>
<status status="PASS" starttime="20210723 07:54:04.565" endtime="20210723 07:54:06.253"/>
</kw>
<kw name="User Click Admin Link In Profile Menu" library="keywords">
<kw name="Click Element" library="SeleniumLibrary">
<arg>//button[@aria-label="QA Super Admin User Menu"]</arg>
<doc>Click the element identified by ``locator``.</doc>
<msg timestamp="20210723 07:54:06.254" level="INFO">Clicking element '//button[@aria-label="QA Super Admin User Menu"]'.</msg>
<status status="PASS" starttime="20210723 07:54:06.254" endtime="20210723 07:54:06.345"/>
</kw>
<kw name="Click Element" library="SeleniumLibrary">
<arg>//span[text()='Admin']</arg>
<doc>Click the element identified by ``locator``.</doc>
<msg timestamp="20210723 07:54:06.346" level="INFO">Clicking element '//span[text()='Admin']'.</msg>
<status status="PASS" starttime="20210723 07:54:06.345" endtime="20210723 07:54:06.453"/>
</kw>
<kw name="Switch Window" library="SeleniumLibrary">
<arg>NEW</arg>
<doc>Switches to browser window matching ``locator``.</doc>
<status status="PASS" starttime="20210723 07:54:06.453" endtime="20210723 07:54:06.466"/>
</kw>
<status status="PASS" starttime="20210723 07:54:06.253" endtime="20210723 07:54:06.469"/>
</kw>
<kw name="Open User Menu in Organisation" library="keywords">
<kw name="Click Element" library="SeleniumLibrary">
<arg>css: #settings-tab</arg>
<doc>Click the element identified by ``locator``.</doc>
<msg timestamp="20210723 07:54:06.470" level="INFO">Clicking element 'css: #settings-tab'.</msg>
<status status="PASS" starttime="20210723 07:54:06.470" endtime="20210723 07:54:07.439"/>
</kw>
<kw name="Wait Until Element Is Visible" library="SeleniumLibrary">
<arg>//a[@href='https://qa.curatr3.com/admin/qa/award']</arg>
<doc>Waits until the element ``locator`` is visible.</doc>
<status status="PASS" starttime="20210723 07:54:07.440" endtime="20210723 07:54:08.202"/>
</kw>
<kw name="Click Element" library="SeleniumLibrary">
<arg>//a[@href='https://qa.curatr3.com/admin/qa/users']</arg>
<doc>Click the element identified by ``locator``.</doc>
<msg timestamp="20210723 07:54:08.203" level="INFO">Clicking element '//a[@href='https://qa.curatr3.com/admin/qa/users']'.</msg>
<status status="PASS" starttime="20210723 07:54:08.203" endtime="20210723 07:54:08.252"/>
</kw>
<status status="PASS" starttime="20210723 07:54:06.469" endtime="20210723 07:54:08.252"/>
</kw>
<kw name="User Add New User" library="keywords">
<kw name="Wait Until Element Is Visible" library="SeleniumLibrary">
<arg>//a[@href='https://qa.curatr3.com/admin/qa/users/add']</arg>
<doc>Waits until the element ``locator`` is visible.</doc>
<status status="PASS" starttime="20210723 07:54:08.253" endtime="20210723 07:54:08.574"/>
</kw>
<kw name="Click Element" library="SeleniumLibrary">
<arg>//a[@href='https://qa.curatr3.com/admin/qa/users/add']</arg>
<doc>Click the element identified by ``locator``.</doc>
<msg timestamp="20210723 07:54:08.574" level="INFO">Clicking element '//a[@href='https://qa.curatr3.com/admin/qa/users/add']'.</msg>
<status status="PASS" starttime="20210723 07:54:08.574" endtime="20210723 07:54:08.619"/>
</kw>
<kw name="Wait Until Element Is Visible" library="SeleniumLibrary">
<arg>css:[placeholder = "Username"]</arg>
<doc>Waits until the element ``locator`` is visible.</doc>
<status status="PASS" starttime="20210723 07:54:08.619" endtime="20210723 07:54:08.976"/>
</kw>
<kw name="Input Text" library="SeleniumLibrary">
<arg>css:[placeholder = "Username"]</arg>
<arg>${USER}</arg>
<doc>Types the given ``text`` into the text field identified by ``locator``.</doc>
<msg timestamp="20210723 07:54:08.976" level="INFO">Typing text 'bogdan@onix-systems.com' into text field 'css:[placeholder = "Username"]'.</msg>
<status status="PASS" starttime="20210723 07:54:08.976" endtime="20210723 07:54:09.049"/>
</kw>
<kw name="Input Text" library="SeleniumLibrary">
<arg>css:#email</arg>
<arg>${USER}</arg>
<doc>Types the given ``text`` into the text field identified by ``locator``.</doc>
<msg timestamp="20210723 07:54:09.050" level="INFO">Typing text 'bogdan@onix-systems.com' into text field 'css:#email'.</msg>
<status status="PASS" starttime="20210723 07:54:09.049" endtime="20210723 07:54:09.127"/>
</kw>
<kw name="Input Text" library="SeleniumLibrary">
<arg>css:[placeholder = "Password"]</arg>
<arg>${USER_PASSWORD}</arg>
<doc>Types the given ``text`` into the text field identified by ``locator``.</doc>
<msg timestamp="20210723 07:54:09.128" level="INFO">Typing text 'welcome1' into text field 'css:[placeholder = "Password"]'.</msg>
<status status="PASS" starttime="20210723 07:54:09.128" endtime="20210723 07:54:09.189"/>
</kw>
<kw name="Input Text" library="SeleniumLibrary">
<arg>css:#password_confirmation</arg>
<arg>${USER_PASSWORD}</arg>
<doc>Types the given ``text`` into the text field identified by ``locator``.</doc>
<msg timestamp="20210723 07:54:09.189" level="INFO">Typing text 'welcome1' into text field 'css:#password_confirmation'.</msg>
<status status="PASS" starttime="20210723 07:54:09.189" endtime="20210723 07:54:09.250"/>
</kw>
<kw name="Input Text" library="SeleniumLibrary">
<arg>css:#fname</arg>
<arg>John</arg>
<doc>Types the given ``text`` into the text field identified by ``locator``.</doc>
<msg timestamp="20210723 07:54:09.251" level="INFO">Typing text 'John' into text field 'css:#fname'.</msg>
<status status="PASS" starttime="20210723 07:54:09.251" endtime="20210723 07:54:09.310"/>
</kw>
<kw name="Input Text" library="SeleniumLibrary">
<arg>css:#lname</arg>
<arg>D</arg>
<doc>Types the given ``text`` into the text field identified by ``locator``.</doc>
<msg timestamp="20210723 07:54:09.311" level="INFO">Typing text 'D' into text field 'css:#lname'.</msg>
<status status="PASS" starttime="20210723 07:54:09.311" endtime="20210723 07:54:09.368"/>
</kw>
<kw name="Wait Until Element Is Visible" library="SeleniumLibrary">
<arg>//button[@type='submit']</arg>
<doc>Waits until the element ``locator`` is visible.</doc>
<status status="PASS" starttime="20210723 07:54:09.368" endtime="20210723 07:54:09.384"/>
</kw>
<kw name="Click Element" library="SeleniumLibrary">
<arg>//button[@type='submit']</arg>
<doc>Click the element identified by ``locator``.</doc>
<msg timestamp="20210723 07:54:09.385" level="INFO">Clicking element '//button[@type='submit']'.</msg>
<status status="PASS" starttime="20210723 07:54:09.384" endtime="20210723 07:54:09.825"/>
</kw>
<status status="PASS" starttime="20210723 07:54:08.252" endtime="20210723 07:54:09.825"/>
</kw>
<kw name="Teardown Steps After All Tests" type="TEARDOWN">
<kw name="Close All Browsers" library="SeleniumLibrary">
<doc>Closes all open browsers and resets the browser cache.</doc>
<status status="PASS" starttime="20210723 07:54:09.826" endtime="20210723 07:54:09.901"/>
</kw>
<status status="PASS" starttime="20210723 07:54:09.826" endtime="20210723 07:54:09.901"/>
</kw>
<status status="PASS" starttime="20210723 07:54:02.450" endtime="20210723 07:54:09.902"/>
</test>
<test id="s1-t4" name="TC4 &quot;Verify User Can Open Badge with Complete Badge criteria page in Profile-Achievements&quot;">
<kw name="Precondition Steps Before Each Test" type="SETUP">
<kw name="Open Browser" library="SeleniumLibrary">
<arg>${BASE_URL}</arg>
<arg>headlesschrome</arg>
<doc>Opens a new browser instance to the optional ``url``.</doc>
<msg timestamp="20210723 07:54:09.905" level="INFO">Opening browser 'headlesschrome' to base url 'https://qa.curatr3.com'.</msg>
<status status="PASS" starttime="20210723 07:54:09.905" endtime="20210723 07:54:12.035"/>
</kw>
<status status="PASS" starttime="20210723 07:54:09.904" endtime="20210723 07:54:12.036"/>
</kw>
<kw name="User Login With non-admin Credentials" library="keywords">
<kw name="Input Text" library="SeleniumLibrary">
<arg>id=username-input</arg>
<arg>${USER}</arg>
<doc>Types the given ``text`` into the text field identified by ``locator``.</doc>
<msg timestamp="20210723 07:54:12.037" level="INFO">Typing text 'bogdan@onix-systems.com' into text field 'id=username-input'.</msg>
<status status="PASS" starttime="20210723 07:54:12.037" endtime="20210723 07:54:12.179"/>
</kw>
<kw name="Input Text" library="SeleniumLibrary">
<arg>id=password-input</arg>
<arg>${USER_PASSWORD}</arg>
<doc>Types the given ``text`` into the text field identified by ``locator``.</doc>
<msg timestamp="20210723 07:54:12.179" level="INFO">Typing text 'welcome1' into text field 'id=password-input'.</msg>
<status status="PASS" starttime="20210723 07:54:12.179" endtime="20210723 07:54:12.244"/>
</kw>
<kw name="Click Element" library="SeleniumLibrary">
<arg>css:.control-group [value="Login"]</arg>
<doc>Click the element identified by ``locator``.</doc>
<msg timestamp="20210723 07:54:12.244" level="INFO">Clicking element 'css:.control-group [value="Login"]'.</msg>
<status status="PASS" starttime="20210723 07:54:12.244" endtime="20210723 07:54:13.807"/>
</kw>
<kw name="Wait Until Element Is Visible" library="SeleniumLibrary">
<arg>//div[@id='NavBar_Search']</arg>
<doc>Waits until the element ``locator`` is visible.</doc>
<status status="PASS" starttime="20210723 07:54:13.808" endtime="20210723 07:54:13.829"/>
</kw>
<status status="PASS" starttime="20210723 07:54:12.036" endtime="20210723 07:54:13.829"/>
</kw>
<kw name="User Click View Your Profile In Profile Menu" library="keywords">
<kw name="Wait Until Element Is Visible" library="SeleniumLibrary">
<arg>//button[@aria-label="John D User Menu"]</arg>
<doc>Waits until the element ``locator`` is visible.</doc>
<status status="PASS" starttime="20210723 07:54:13.830" endtime="20210723 07:54:13.849"/>
</kw>
<kw name="Click Element" library="SeleniumLibrary">
<arg>//button[@aria-label="John D User Menu"]</arg>
<doc>Click the element identified by ``locator``.</doc>
<msg timestamp="20210723 07:54:13.849" level="INFO">Clicking element '//button[@aria-label="John D User Menu"]'.</msg>
<status status="PASS" starttime="20210723 07:54:13.849" endtime="20210723 07:54:13.915"/>
</kw>
<kw name="Click Element" library="SeleniumLibrary">
<arg>//span[text()='View Your Profile']</arg>
<doc>Click the element identified by ``locator``.</doc>
<msg timestamp="20210723 07:54:13.916" level="INFO">Clicking element '//span[text()='View Your Profile']'.</msg>
<status status="PASS" starttime="20210723 07:54:13.915" endtime="20210723 07:54:14.379"/>
</kw>
<status status="PASS" starttime="20210723 07:54:13.829" endtime="20210723 07:54:14.379"/>
</kw>
<kw name="User click “Achievements“ in Profile page" library="keywords">
<kw name="Wait Until Element Is Visible" library="SeleniumLibrary">
<arg>//span[text()='Achievements']</arg>
<doc>Waits until the element ``locator`` is visible.</doc>
<status status="PASS" starttime="20210723 07:54:14.380" endtime="20210723 07:54:16.514"/>
</kw>
<kw name="Click Element" library="SeleniumLibrary">
<arg>//span[text()='Achievements']</arg>
<doc>Click the element identified by ``locator``.</doc>
<msg timestamp="20210723 07:54:16.515" level="INFO">Clicking element '//span[text()='Achievements']'.</msg>
<status status="PASS" starttime="20210723 07:54:16.514" endtime="20210723 07:54:16.587"/>
</kw>
<kw name="Click Element" library="SeleniumLibrary">
<arg>//p[text()='Badge2']</arg>
<doc>Click the element identified by ``locator``.</doc>
<msg timestamp="20210723 07:54:16.588" level="INFO">Clicking element '//p[text()='Badge2']'.</msg>
<status status="PASS" starttime="20210723 07:54:16.588" endtime="20210723 07:54:16.651"/>
</kw>
<kw name="Wait Until Element Is Visible" library="SeleniumLibrary">
<arg>//span[text()='Complete Badge `']</arg>
<doc>Waits until the element ``locator`` is visible.</doc>
<status status="PASS" starttime="20210723 07:54:16.651" endtime="20210723 07:54:17.091"/>
</kw>
<status status="PASS" starttime="20210723 07:54:14.379" endtime="20210723 07:54:17.091"/>
</kw>
<kw name="Teardown Steps After All Tests" type="TEARDOWN">
<kw name="Close All Browsers" library="SeleniumLibrary">
<doc>Closes all open browsers and resets the browser cache.</doc>
<status status="PASS" starttime="20210723 07:54:17.092" endtime="20210723 07:54:17.162"/>
</kw>
<status status="PASS" starttime="20210723 07:54:17.091" endtime="20210723 07:54:17.162"/>
</kw>
<status status="PASS" starttime="20210723 07:54:09.903" endtime="20210723 07:54:17.162"/>
</test>
<doc>This Test Suite for the ticket https://learningpool.atlassian.net/browse/LXP-4176</doc>
<status status="PASS" starttime="20210723 07:53:45.857" endtime="20210723 07:54:17.164"/>
</suite>
<statistics>
<total>
<stat pass="4" fail="0" skip="0">All Tests</stat>
</total>
<tag>
</tag>
<suite>
<stat pass="4" fail="0" skip="0" id="s1" name="Badge Criteria">Badge Criteria</stat>
</suite>
</statistics>
<errors>
</errors>
</robot>
